android/app/build/intermediates/manifest_merge_blame_file/debug/manifest-merger-blame-debug-report.txt
1<?xml version="1.0" encoding="utf-8"?>
2<manifest xmlns:android="http://schemas.android.com/apk/res/android"
3    package="org.openbot"
4    android:versionCode="1"
5    android:versionName="1.0" >
6
7    <uses-sdk
8        android:minSdkVersion="21"
8-->src\main\AndroidManifest.xml
9        android:targetSdkVersion="30" />
9-->src\main\AndroidManifest.xml
10
11    <uses-permission android:name="android.permission.CAMERA" />
11-->src\main\AndroidManifest.xml:5:5-65
11-->src\main\AndroidManifest.xml:5:22-62
12    <uses-permission android:name="android.permission.WRITE_EXTERNAL_STORAGE" />
12-->src\main\AndroidManifest.xml:6:5-81
12-->src\main\AndroidManifest.xml:6:22-78
13    <uses-permission android:name="android.permission.ACCESS_FINE_LOCATION" />
13-->src\main\AndroidManifest.xml:7:5-79
13-->src\main\AndroidManifest.xml:7:22-76
14    <uses-permission android:name="android.permission.ACCESS_NETWORK_STATE" />
14-->src\main\AndroidManifest.xml:8:5-79
14-->src\main\AndroidManifest.xml:8:22-76
15    <uses-permission android:name="android.permission.INTERNET" />
15-->src\main\AndroidManifest.xml:9:5-67
15-->src\main\AndroidManifest.xml:9:22-64
16    <uses-permission android:name="android.permission.BLUETOOTH" />
16-->src\main\AndroidManifest.xml:11:5-68
16-->src\main\AndroidManifest.xml:11:22-65
17    <uses-permission android:name="android.permission.BLUETOOTH_ADMIN" />
17-->src\main\AndroidManifest.xml:12:5-74
17-->src\main\AndroidManifest.xml:12:22-71
18    <uses-permission android:name="android.permission.ACCESS_WIFI_STATE" />
18-->src\main\AndroidManifest.xml:13:5-76
18-->src\main\AndroidManifest.xml:13:22-73
19    <uses-permission android:name="android.permission.CHANGE_WIFI_STATE" />
19-->src\main\AndroidManifest.xml:14:5-76
19-->src\main\AndroidManifest.xml:14:22-73
20
21    <!-- RTSP Video streaming -->
22    <uses-permission android:name="android.permission.RECORD_AUDIO" />
22-->src\main\AndroidManifest.xml:17:5-70
22-->src\main\AndroidManifest.xml:17:22-68
23
24    <uses-feature
24-->src\main\AndroidManifest.xml:19:5-83
25        android:name="android.hardware.camera"
25-->src\main\AndroidManifest.xml:19:19-57
26        android:required="true" />
26-->src\main\AndroidManifest.xml:19:58-81
27    <uses-feature
27-->src\main\AndroidManifest.xml:20:5-93
28        android:name="android.hardware.camera.autofocus"
28-->src\main\AndroidManifest.xml:20:19-67
29        android:required="true" />
29-->src\main\AndroidManifest.xml:20:68-91
30    <uses-feature
30-->src\main\AndroidManifest.xml:21:5-90
31        android:name="android.hardware.camera.front"
31-->src\main\AndroidManifest.xml:21:19-63
32        android:required="true" />
32-->src\main\AndroidManifest.xml:21:64-87
33    <uses-feature
33-->src\main\AndroidManifest.xml:22:5-85
34        android:name="android.hardware.usb.host"
34-->src\main\AndroidManifest.xml:22:19-59
35        android:required="true" />
35-->src\main\AndroidManifest.xml:22:60-83
36    <uses-feature
36-->src\main\AndroidManifest.xml:23:5-98
37        android:name="android.hardware.sensor.accelerometer"
37-->src\main\AndroidManifest.xml:23:19-71
38        android:required="false" />
38-->src\main\AndroidManifest.xml:23:72-96
39    <uses-feature
39-->src\main\AndroidManifest.xml:24:5-94
40        android:name="android.hardware.sensor.gyroscope"
40-->src\main\AndroidManifest.xml:24:19-67
41        android:required="false" />
41-->src\main\AndroidManifest.xml:24:68-92
42    <uses-feature
42-->src\main\AndroidManifest.xml:25:5-90
43        android:name="android.hardware.sensor.light"
43-->src\main\AndroidManifest.xml:25:19-63
44        android:required="false" />
44-->src\main\AndroidManifest.xml:25:64-88
45
46    <uses-permission android:name="android.permission.WAKE_LOCK" />
46-->[com.google.android.gms:play-services-measurement:18.0.2] AndroidManifest.xml:25:5-68
46-->[com.google.android.gms:play-services-measurement:18.0.2] AndroidManifest.xml:25:22-65
47    <uses-permission android:name="com.google.android.finsky.permission.BIND_GET_INSTALL_REFERRER_SERVICE" />
47-->[com.google.android.gms:play-services-measurement:18.0.2] AndroidManifest.xml:26:5-110
47-->[com.google.android.gms:play-services-measurement:18.0.2] AndroidManifest.xml:26:22-107
48
49    <application
49-->src\main\AndroidManifest.xml:28:5-95:19
50        android:name="org.openbot.OpenBotApplication"
50-->src\main\AndroidManifest.xml:32:9-43
51        android:allowBackup="false"
51-->src\main\AndroidManifest.xml:29:9-36
52        android:appComponentFactory="androidx.core.app.CoreComponentFactory"
52-->[androidx.core:core:1.5.0] AndroidManifest.xml:24:18-86
53        android:debuggable="true"
54        android:icon="@drawable/openbot_icon"
54-->src\main\AndroidManifest.xml:30:9-46
55        android:label="@string/app_name"
55-->src\main\AndroidManifest.xml:31:9-41
56        android:requestLegacyExternalStorage="true"
56-->src\main\AndroidManifest.xml:33:9-52
57        android:roundIcon="@drawable/openbot_icon"
57-->src\main\AndroidManifest.xml:34:9-51
58        android:supportsRtl="true"
58-->src\main\AndroidManifest.xml:35:9-35
59        android:testOnly="true"
60        android:theme="@style/AppTheme"
60-->src\main\AndroidManifest.xml:36:9-40
61        android:usesCleartextTraffic="true" >
61-->src\main\AndroidManifest.xml:37:9-44
62        <activity
62-->src\main\AndroidManifest.xml:38:9-51:20
63            android:name="org.openbot.main.MainActivity"
63-->src\main\AndroidManifest.xml:38:19-52
64            android:launchMode="singleTop" >
64-->src\main\AndroidManifest.xml:39:13-43
65            <intent-filter>
65-->src\main\AndroidManifest.xml:40:13-46:29
66                <action android:name="android.intent.action.MAIN" />
66-->src\main\AndroidManifest.xml:41:17-69
66-->src\main\AndroidManifest.xml:41:25-66
67
68                <category android:name="android.intent.category.LAUNCHER" />
68-->src\main\AndroidManifest.xml:43:17-77
68-->src\main\AndroidManifest.xml:43:27-74
69
70                <action android:name="android.hardware.usb.action.USB_DEVICE_ATTACHED" />
70-->src\main\AndroidManifest.xml:45:17-90
70-->src\main\AndroidManifest.xml:45:25-87
71            </intent-filter>
72
73            <meta-data
73-->src\main\AndroidManifest.xml:48:13-50:57
74                android:name="android.hardware.usb.action.USB_DEVICE_ATTACHED"
74-->src\main\AndroidManifest.xml:49:17-79
75                android:resource="@xml/device_filter" />
75-->src\main\AndroidManifest.xml:50:17-54
76        </activity>
77        <activity
77-->src\main\AndroidManifest.xml:52:9-66:20
78            android:name="org.openbot.original.DefaultActivity"
78-->src\main\AndroidManifest.xml:53:13-53
79            android:label="@string/activity_name"
79-->src\main\AndroidManifest.xml:54:13-50
80            android:noHistory="false" >
80-->src\main\AndroidManifest.xml:55:13-38
81
82            <!--
83            <intent-filter>
84                <action android:name="android.hardware.usb.action.USB_DEVICE_ATTACHED" />
85            </intent-filter>
86
87            <meta-data
88                android:name="android.hardware.usb.action.USB_DEVICE_ATTACHED"
89                android:resource="@xml/device_filter" />
90            -->
91
92        </activity>
93        <activity
93-->src\main\AndroidManifest.xml:68:9-76:20
94            android:name="org.openbot.modelManagement.BackHandlingFilePickerActivity"
94-->src\main\AndroidManifest.xml:69:13-75
95            android:label="@string/app_name"
95-->src\main\AndroidManifest.xml:70:13-45
96            android:theme="@style/FilePickerTheme" >
96-->src\main\AndroidManifest.xml:71:13-51
97            <intent-filter>
97-->src\main\AndroidManifest.xml:72:13-75:29
98                <action android:name="android.intent.action.GET_CONTENT" />
98-->src\main\AndroidManifest.xml:73:17-76
98-->src\main\AndroidManifest.xml:73:25-73
99
100                <category android:name="android.intent.category.DEFAULT" />
100-->src\main\AndroidManifest.xml:74:17-76
100-->src\main\AndroidManifest.xml:74:27-73
101            </intent-filter>
102        </activity>
103
104        <service
104-->src\main\AndroidManifest.xml:78:9-81:47
105            android:name="org.openbot.logging.SensorService"
105-->src\main\AndroidManifest.xml:79:13-50
106            android:enabled="true"
106-->src\main\AndroidManifest.xml:80:13-35
107            android:launchMode="singleTask" />
107-->src\main\AndroidManifest.xml:81:13-44
108        <service android:name="net.majorkernelpanic.streaming.rtsp.RtspServer" />
108-->src\main\AndroidManifest.xml:83:9-81
108-->src\main\AndroidManifest.xml:83:18-79
109
110        <provider
111            android:name="androidx.core.content.FileProvider"
111-->src\main\AndroidManifest.xml:86:13-62
112            android:authorities="org.openbot.provider"
112-->src\main\AndroidManifest.xml:87:13-60
113            android:exported="false"
113-->src\main\AndroidManifest.xml:88:13-37
114            android:grantUriPermissions="true" >
114-->src\main\AndroidManifest.xml:89:13-47
115            <meta-data
115-->src\main\AndroidManifest.xml:90:13-92:58
116                android:name="android.support.FILE_PROVIDER_PATHS"
116-->src\main\AndroidManifest.xml:91:17-67
117                android:resource="@xml/provider_paths" />
117-->src\main\AndroidManifest.xml:92:17-55
118        </provider>
119
120        <receiver
120-->[com.google.android.gms:play-services-measurement:18.0.2] AndroidManifest.xml:29:9-33:20
121            android:name="com.google.android.gms.measurement.AppMeasurementReceiver"
121-->[com.google.android.gms:play-services-measurement:18.0.2] AndroidManifest.xml:30:13-85
122            android:enabled="true"
122-->[com.google.android.gms:play-services-measurement:18.0.2] AndroidManifest.xml:31:13-35
123            android:exported="false" >
123-->[com.google.android.gms:play-services-measurement:18.0.2] AndroidManifest.xml:32:13-37
124        </receiver>
125
126        <service
126-->[com.google.android.gms:play-services-measurement:18.0.2] AndroidManifest.xml:35:9-38:40
127            android:name="com.google.android.gms.measurement.AppMeasurementService"
127-->[com.google.android.gms:play-services-measurement:18.0.2] AndroidManifest.xml:36:13-84
128            android:enabled="true"
128-->[com.google.android.gms:play-services-measurement:18.0.2] AndroidManifest.xml:37:13-35
129            android:exported="false" />
129-->[com.google.android.gms:play-services-measurement:18.0.2] AndroidManifest.xml:38:13-37
130        <service
130-->[com.google.android.gms:play-services-measurement:18.0.2] AndroidManifest.xml:39:9-43:72
131            android:name="com.google.android.gms.measurement.AppMeasurementJobService"
131-->[com.google.android.gms:play-services-measurement:18.0.2] AndroidManifest.xml:40:13-87
132            android:enabled="true"
132-->[com.google.android.gms:play-services-measurement:18.0.2] AndroidManifest.xml:41:13-35
133            android:exported="false"
133-->[com.google.android.gms:play-services-measurement:18.0.2] AndroidManifest.xml:42:13-37
134            android:permission="android.permission.BIND_JOB_SERVICE" />
134-->[com.google.android.gms:play-services-measurement:18.0.2] AndroidManifest.xml:43:13-69
135
136        <activity
136-->[com.google.android.gms:play-services-base:18.0.1] AndroidManifest.xml:20:9-22:45
137            android:name="com.google.android.gms.common.api.GoogleApiActivity"
137-->[com.google.android.gms:play-services-base:18.0.1] AndroidManifest.xml:20:19-85
138            android:exported="false"
138-->[com.google.android.gms:play-services-base:18.0.1] AndroidManifest.xml:22:19-43
139            android:theme="@android:style/Theme.Translucent.NoTitleBar" />
139-->[com.google.android.gms:play-services-base:18.0.1] AndroidManifest.xml:21:19-78
140
141        <service
141-->[com.google.firebase:firebase-crashlytics:17.3.1] AndroidManifest.xml:15:9-21:19
142            android:name="com.google.firebase.components.ComponentDiscoveryService"
142-->[com.google.firebase:firebase-crashlytics:17.3.1] AndroidManifest.xml:16:13-84
143            android:directBootAware="true"
143-->[com.google.firebase:firebase-common:19.5.0] AndroidManifest.xml:35:13-43
144            android:exported="false" >
144-->[com.google.firebase:firebase-crashlytics:17.3.1] AndroidManifest.xml:17:13-37
145            <meta-data
145-->[com.google.firebase:firebase-crashlytics:17.3.1] AndroidManifest.xml:18:13-20:85
146                android:name="com.google.firebase.components:com.google.firebase.crashlytics.CrashlyticsRegistrar"
146-->[com.google.firebase:firebase-crashlytics:17.3.1] AndroidManifest.xml:19:17-115
147                android:value="com.google.firebase.components.ComponentRegistrar" />
147-->[com.google.firebase:firebase-crashlytics:17.3.1] AndroidManifest.xml:20:17-82
148            <meta-data
148-->[com.google.android.gms:play-services-measurement-api:18.0.2] AndroidManifest.xml:30:13-32:85
149                android:name="com.google.firebase.components:com.google.firebase.analytics.connector.internal.AnalyticsConnectorRegistrar"
149-->[com.google.android.gms:play-services-measurement-api:18.0.2] AndroidManifest.xml:31:17-139
150                android:value="com.google.firebase.components.ComponentRegistrar" />
150-->[com.google.android.gms:play-services-measurement-api:18.0.2] AndroidManifest.xml:32:17-82
151            <meta-data
151-->[com.google.firebase:firebase-installations:16.3.5] AndroidManifest.xml:18:13-20:85
152                android:name="com.google.firebase.components:com.google.firebase.installations.FirebaseInstallationsRegistrar"
152-->[com.google.firebase:firebase-installations:16.3.5] AndroidManifest.xml:19:17-127
153                android:value="com.google.firebase.components.ComponentRegistrar" />
153-->[com.google.firebase:firebase-installations:16.3.5] AndroidManifest.xml:20:17-82
154            <!--
155                This registrar is not defined in the dynamic-module-support sdk itself to allow non-firebase
156                clients to use it as well, by defining this registrar in their own core/common library.
157            -->
158            <meta-data
158-->[com.google.firebase:firebase-common:19.5.0] AndroidManifest.xml:43:13-45:85
159                android:name="com.google.firebase.components:com.google.firebase.dynamicloading.DynamicLoadingRegistrar"
159-->[com.google.firebase:firebase-common:19.5.0] AndroidManifest.xml:44:17-121
160                android:value="com.google.firebase.components.ComponentRegistrar" />
160-->[com.google.firebase:firebase-common:19.5.0] AndroidManifest.xml:45:17-82
161        </service>
162
163        <provider
163-->[com.google.firebase:firebase-common:19.5.0] AndroidManifest.xml:26:9-31:39
164            android:name="com.google.firebase.provider.FirebaseInitProvider"
164-->[com.google.firebase:firebase-common:19.5.0] AndroidManifest.xml:27:13-77
165            android:authorities="org.openbot.firebaseinitprovider"
165-->[com.google.firebase:firebase-common:19.5.0] AndroidManifest.xml:28:13-72
166            android:directBootAware="true"
166-->[com.google.firebase:firebase-common:19.5.0] AndroidManifest.xml:29:13-43
167            android:exported="false"
167-->[com.google.firebase:firebase-common:19.5.0] AndroidManifest.xml:30:13-37
168            android:initOrder="100" />
168-->[com.google.firebase:firebase-common:19.5.0] AndroidManifest.xml:31:13-36
169
170        <meta-data
170-->[com.google.android.gms:play-services-basement:18.0.0] AndroidManifest.xml:21:9-23:69
171            android:name="com.google.android.gms.version"
171-->[com.google.android.gms:play-services-basement:18.0.0] AndroidManifest.xml:22:13-58
172            android:value="@integer/google_play_services_version" />
172-->[com.google.android.gms:play-services-basement:18.0.0] AndroidManifest.xml:23:13-66
173
174        <service
174-->[com.google.android.datatransport:transport-backend-cct:2.3.3] AndroidManifest.xml:29:9-35:19
175            android:name="com.google.android.datatransport.runtime.backends.TransportBackendDiscovery"
175-->[com.google.android.datatransport:transport-backend-cct:2.3.3] AndroidManifest.xml:30:13-103
176            android:exported="false" >
176-->[com.google.android.datatransport:transport-backend-cct:2.3.3] AndroidManifest.xml:31:13-37
177            <meta-data
177-->[com.google.android.datatransport:transport-backend-cct:2.3.3] AndroidManifest.xml:32:13-34:39
178                android:name="backend:com.google.android.datatransport.cct.CctBackendFactory"
178-->[com.google.android.datatransport:transport-backend-cct:2.3.3] AndroidManifest.xml:33:17-94
179                android:value="cct" />
179-->[com.google.android.datatransport:transport-backend-cct:2.3.3] AndroidManifest.xml:34:17-36
180        </service>
181        <service
181-->[com.google.android.datatransport:transport-runtime:2.2.5] AndroidManifest.xml:26:9-30:19
182            android:name="com.google.android.datatransport.runtime.scheduling.jobscheduling.JobInfoSchedulerService"
182-->[com.google.android.datatransport:transport-runtime:2.2.5] AndroidManifest.xml:27:13-117
183            android:exported="false"
183-->[com.google.android.datatransport:transport-runtime:2.2.5] AndroidManifest.xml:28:13-37
184            android:permission="android.permission.BIND_JOB_SERVICE" >
184-->[com.google.android.datatransport:transport-runtime:2.2.5] AndroidManifest.xml:29:13-69
185        </service>
186
187        <receiver
187-->[com.google.android.datatransport:transport-runtime:2.2.5] AndroidManifest.xml:32:9-34:40
188            android:name="com.google.android.datatransport.runtime.scheduling.jobscheduling.AlarmManagerSchedulerBroadcastReceiver"
188-->[com.google.android.datatransport:transport-runtime:2.2.5] AndroidManifest.xml:33:13-132
189            android:exported="false" />
189-->[com.google.android.datatransport:transport-runtime:2.2.5] AndroidManifest.xml:34:13-37
190    </application>
191
192</manifest>